Analysis initiated from SIMULIA established products
Abaqus JOB SingleElementElasticity
Abaqus 2023
Abaqus License Manager checked out the following licenses:
Abaqus/Standard checked out 5 tokens from Flexnet server 10.2.28.236.
<15 out of 20 licenses remain available>.
Begin Analysis Input File Processor
Fri 08 Mar 2024 02:13:51 PM MST
Run pre
Fri 08 Mar 2024 02:13:53 PM MST
End Analysis Input File Processor
Begin Abaqus/Standard Analysis
Fri 08 Mar 2024 02:13:53 PM MST
Run standard
Fri 08 Mar 2024 02:13:54 PM MST
Abaqus Error: Abaqus/Standard Analysis exited with an error - Please see the 
message file for possible error messages if the file exists.
Begin SIM Wrap-up
Fri 08 Mar 2024 02:13:54 PM MST
Run SMASimUtility
Fri 08 Mar 2024 02:13:54 PM MST
End SIM Wrap-up
Abaqus/Analysis exited with errors
